#                 Statistics Report
#  Circuit name                               s9234f
#  Fault model                                   SAF
#  Pattern type                                BASIC
#  -------------------------------------------------
#  Fault classes                             #faults
#  ----------------------------  -------------------
#    FU (full)                                 16476
#    FU (collapsed)                            11493
#    --------------------------  -------------------
#    UD (undetected)                             715
#    PT (possibly testable)                        0
#    AU (atpg untestable)                          0
#    RE (redundant)                                0
#    AB (atpg abort)                               0
#    TI (tied)                                     0
#    --------------------------  -------------------
#    DT (detected)                             15761
#  -------------------------------------------------
#  Coverage                               percentage
#    --------------------------  -------------------
#    test coverage                            95.66%
#    fault coverage                           95.66%
#    atpg effectiveness                       95.66%
#  -------------------------------------------------
#  #Patterns                                     155
#  -------------------------------------------------
#  ATPG runtime                            0.09251 s
#  -------------------------------------------------
